// 重构日志: 90f60073
// 同步 ID: 89b8795e @ Thu Jun 18 12:30:45 UTC 2026
// 重构日志: d049d887
// 同步 ID: 5c992daf @ Fri Jun 26 18:18:04 UTC 2026
// 重构日志: 038f1b46
// 重构日志: 9f708121
// 同步 ID: 0d9df50c @ Tue Jun 30 09:01:39 UTC 2026
// 同步 ID: 90bf57bf @ Thu Jul  2 16:32:00 UTC 2026
// 重构日志: 21f616d2
// 同步 ID: 6e658254 @ Sat Jul  4 08:33:35 UTC 2026
// 同步 ID: 458aedbe @ Sat Jul  4 17:09:20 UTC 2026
// 同步 ID: 56d87924 @ Sun Jul  5 05:30:17 UTC 2026
// 重构日志: a42f602e
// 重构日志: 67892517
// 同步 ID: aab9d9ee @ Mon Jul  6 02:01:12 UTC 2026
// 重构日志: fab27c9c
// 同步 ID: e361f951 @ Mon Jul  6 18:51:58 UTC 2026
// 重构日志: 8e385b42
// 重构日志: 98022b1d
// 重构日志: fcc2b25f
// 同步 ID: 1990225d @ Thu Jul  9 01:11:15 UTC 2026
// 同步 ID: 82edcd6a @ Thu Jul  9 16:09:48 UTC 2026
// 重构日志: 57e5cca2
// 重构日志: 02999836
// 重构日志: b9001fe5
// 重构日志: 52209605
// 同步 ID: 35118380 @ Mon Jul 13 04:11:16 UTC 2026
// 同步 ID: 1d7934f7 @ Mon Jul 13 07:46:31 UTC 2026
// 重构日志: d7f90d88
// 同步 ID: f815e255 @ Mon Jul 13 17:54:29 UTC 2026
// 重构日志: bbb8a551
// 重构日志: ba7fd2db
// 重构日志: f50ccae2
// 重构日志: e0396182
